# JRE version: Java(TM) SE Runtime Environment (8.0_251-b08) (build 1.8.0_251-b08)
# Java VM: Java HotSpot(TM) 64-Bit Server VM (25.251-b08 mixed mode windows-amd64 compressed oops)
Heap:
 PSYoungGen      total 114688K, used 11306K [0x00000000d5580000, 0x00000000dd180000, 0x0000000100000000)
  eden space 102912K, 10% used [0x00000000d5580000,0x00000000d608aae8,0x00000000dba00000)
  from space 11776K, 0% used [0x00000000dba00000,0x00000000dba00000,0x00000000dc580000)
  to   space 11264K, 0% used [0x00000000dc580000,0x00000000dc580000,0x00000000dd080000)
 ParOldGen       total 59904K, used 14452K [0x0000000080000000, 0x0000000083a80000, 0x00000000d5580000)
  object space 59904K, 24% used [0x0000000080000000,0x0000000080e1d020,0x0000000083a80000)
 Metaspace       used 34905K, capacity 36010K, committed 36224K, reserved 1081344K
  class space    used 4924K, capacity 5180K, committed 5248K, reserved 1048576K
GC Heap History (10 events):
Event: 7.624 GC heap before
{Heap before GC invocations=7 (full 1):
 PSYoungGen      total 76288K, used 8456K [0x00000000d5580000, 0x00000000dab80000, 0x0000000100000000)
  eden space 66048K, 0% used [0x00000000d5580000,0x00000000d5580000,0x00000000d9600000)
  from space 10240K, 82% used [0x00000000da080000,0x00000000da8c2398,0x00000000daa80000)
  to   space 10752K, 0% used [0x00000000d9600000,0x00000000d9600000,0x00000000da080000)
 ParOldGen       total 87552K, used 6983K [0x0000000080000000, 0x0000000085580000, 0x00000000d5580000)
  object space 87552K, 7% used [0x0000000080000000,0x00000000806d1e50,0x0000000085580000)
 Metaspace       used 20640K, capacity 21256K, committed 21296K, reserved 1067008K
  class space    used 2962K, capacity 3172K, committed 3200K, reserved 1048576K
Event: 7.708 GC heap after
Heap after GC invocations=7 (full 1):
 PSYoungGen      total 76288K, used 0K [0x00000000d5580000, 0x00000000dab80000, 0x0000000100000000)
  eden space 66048K, 0% used [0x00000000d5580000,0x00000000d5580000,0x00000000d9600000)
  from space 10240K, 0% used [0x00000000da080000,0x00000000da080000,0x00000000daa80000)
  to   space 10752K, 0% used [0x00000000d9600000,0x00000000d9600000,0x00000000da080000)
 ParOldGen       total 59904K, used 8989K [0x0000000080000000, 0x0000000083a80000, 0x00000000d5580000)
  object space 59904K, 15% used [0x0000000080000000,0x00000000808c77b8,0x0000000083a80000)
 Metaspace       used 20640K, capacity 21256K, committed 21296K, reserved 1067008K
  class space    used 2962K, capacity 3172K, committed 3200K, reserved 1048576K
}
Event: 9.212 GC heap before
{Heap before GC invocations=8 (full 1):
 PSYoungGen      total 76288K, used 66048K [0x00000000d5580000, 0x00000000dab80000, 0x0000000100000000)
  eden space 66048K, 100% used [0x00000000d5580000,0x00000000d9600000,0x00000000d9600000)
  from space 10240K, 0% used [0x00000000da080000,0x00000000da080000,0x00000000daa80000)
  to   space 10752K, 0% used [0x00000000d9600000,0x00000000d9600000,0x00000000da080000)
 ParOldGen       total 59904K, used 8989K [0x0000000080000000, 0x0000000083a80000, 0x00000000d5580000)
  object space 59904K, 15% used [0x0000000080000000,0x00000000808c77b8,0x0000000083a80000)
 Metaspace       used 28575K, capacity 29470K, committed 29696K, reserved 1075200K
  class space    used 4056K, capacity 4283K, committed 4352K, reserved 1048576K
Event: 9.225 GC heap after
Heap after GC invocations=8 (full 1):
 PSYoungGen      total 76800K, used 8157K [0x00000000d5580000, 0x00000000dd080000, 0x0000000100000000)
  eden space 66048K, 0% used [0x00000000d5580000,0x00000000d5580000,0x00000000d9600000)
  from space 10752K, 75% used [0x00000000d9600000,0x00000000d9df7648,0x00000000da080000)
  to   space 11264K, 0% used [0x00000000dc580000,0x00000000dc580000,0x00000000dd080000)
 ParOldGen       total 59904K, used 8997K [0x0000000080000000, 0x0000000083a80000, 0x00000000d5580000)
  object space 59904K, 15% used [0x0000000080000000,0x00000000808c97b8,0x0000000083a80000)
 Metaspace       used 28575K, capacity 29470K, committed 29696K, reserved 1075200K
  class space    used 4056K, capacity 4283K, committed 4352K, reserved 1048576K
}
Event: 10.413 GC heap before
{Heap before GC invocations=9 (full 1):
 PSYoungGen      total 76800K, used 74205K [0x00000000d5580000, 0x00000000dd080000, 0x0000000100000000)
  eden space 66048K, 100% used [0x00000000d5580000,0x00000000d9600000,0x00000000d9600000)
  from space 10752K, 75% used [0x00000000d9600000,0x00000000d9df7648,0x00000000da080000)
  to   space 11264K, 0% used [0x00000000dc580000,0x00000000dc580000,0x00000000dd080000)
 ParOldGen       total 59904K, used 8997K [0x0000000080000000, 0x0000000083a80000, 0x00000000d5580000)
  object space 59904K, 15% used [0x0000000080000000,0x00000000808c97b8,0x0000000083a80000)
 Metaspace       used 32909K, capacity 33930K, committed 34176K, reserved 1079296K
  class space    used 4608K, capacity 4879K, committed 4992K, reserved 1048576K
Event: 10.430 GC heap after
Heap after GC invocations=9 (full 1):
 PSYoungGen      total 114176K, used 9236K [0x00000000d5580000, 0x00000000dd180000, 0x0000000100000000)
  eden space 102912K, 0% used [0x00000000d5580000,0x00000000d5580000,0x00000000dba00000)
  from space 11264K, 82% used [0x00000000dc580000,0x00000000dce85390,0x00000000dd080000)
  to   space 11776K, 0% used [0x00000000dba00000,0x00000000dba00000,0x00000000dc580000)
 ParOldGen       total 59904K, used 9005K [0x0000000080000000, 0x0000000083a80000, 0x00000000d5580000)
  object space 59904K, 15% used [0x0000000080000000,0x00000000808cb7b8,0x0000000083a80000)
 Metaspace       used 32909K, capacity 33930K, committed 34176K, reserved 1079296K
  class space    used 4608K, capacity 4879K, committed 4992K, reserved 1048576K
}
Event: 10.861 GC heap before
{Heap before GC invocations=10 (full 1):
 PSYoungGen      total 114176K, used 38964K [0x00000000d5580000, 0x00000000dd180000, 0x0000000100000000)
  eden space 102912K, 28% used [0x00000000d5580000,0x00000000d7287cd0,0x00000000dba00000)
  from space 11264K, 82% used [0x00000000dc580000,0x00000000dce85390,0x00000000dd080000)
  to   space 11776K, 0% used [0x00000000dba00000,0x00000000dba00000,0x00000000dc580000)
 ParOldGen       total 59904K, used 9005K [0x0000000080000000, 0x0000000083a80000, 0x00000000d5580000)
  object space 59904K, 15% used [0x0000000080000000,0x00000000808cb7b8,0x0000000083a80000)
 Metaspace       used 34359K, capacity 35444K, committed 35496K, reserved 1079296K
  class space    used 4845K, capacity 5097K, committed 5120K, reserved 1048576K
Event: 10.877 GC heap after
Heap after GC invocations=10 (full 1):
 PSYoungGen      total 114688K, used 8006K [0x00000000d5580000, 0x00000000dd180000, 0x0000000100000000)
  eden space 102912K, 0% used [0x00000000d5580000,0x00000000d5580000,0x00000000dba00000)
  from space 11776K, 67% used [0x00000000dba00000,0x00000000dc1d1888,0x00000000dc580000)
  to   space 11264K, 0% used [0x00000000dc580000,0x00000000dc580000,0x00000000dd080000)
 ParOldGen       total 59904K, used 9013K [0x0000000080000000, 0x0000000083a80000, 0x00000000d5580000)
  object space 59904K, 15% used [0x0000000080000000,0x00000000808cd7b8,0x0000000083a80000)
 Metaspace       used 34359K, capacity 35444K, committed 35496K, reserved 1079296K
  class space    used 4845K, capacity 5097K, committed 5120K, reserved 1048576K
}
Event: 10.877 GC heap before
{Heap before GC invocations=11 (full 2):
 PSYoungGen      total 114688K, used 8006K [0x00000000d5580000, 0x00000000dd180000, 0x0000000100000000)
  eden space 102912K, 0% used [0x00000000d5580000,0x00000000d5580000,0x00000000dba00000)
  from space 11776K, 67% used [0x00000000dba00000,0x00000000dc1d1888,0x00000000dc580000)
  to   space 11264K, 0% used [0x00000000dc580000,0x00000000dc580000,0x00000000dd080000)
 ParOldGen       total 59904K, used 9013K [0x0000000080000000, 0x0000000083a80000, 0x00000000d5580000)
  object space 59904K, 15% used [0x0000000080000000,0x00000000808cd7b8,0x0000000083a80000)
 Metaspace       used 34359K, capacity 35444K, committed 35496K, reserved 1079296K
  class space    used 4845K, capacity 5097K, committed 5120K, reserved 1048576K
Event: 10.975 GC heap after
Heap after GC invocations=11 (full 2):
 PSYoungGen      total 114688K, used 0K [0x00000000d5580000, 0x00000000dd180000, 0x0000000100000000)
  eden space 102912K, 0% used [0x00000000d5580000,0x00000000d5580000,0x00000000dba00000)
  from space 11776K, 0% used [0x00000000dba00000,0x00000000dba00000,0x00000000dc580000)
  to   space 11264K, 0% used [0x00000000dc580000,0x00000000dc580000,0x00000000dd080000)
 ParOldGen       total 59904K, used 14452K [0x0000000080000000, 0x0000000083a80000, 0x00000000d5580000)
  object space 59904K, 24% used [0x0000000080000000,0x0000000080e1d020,0x0000000083a80000)
 Metaspace       used 34359K, capacity 35444K, committed 35496K, reserved 1079296K
  class space    used 4845K, capacity 5097K, committed 5120K, reserved 1048576K
}

