# JRE version: Java(TM) SE Runtime Environment (8.0_251-b08) (build 1.8.0_251-b08)
# Java VM: Java HotSpot(TM) 64-Bit Server VM (25.251-b08 mixed mode windows-amd64 compressed oops)
Heap:
 PSYoungGen      total 331776K, used 173762K [0x00000000d5580000, 0x00000000ed900000, 0x0000000100000000)
  eden space 274944K, 59% used [0x00000000d5580000,0x00000000df51dd60,0x00000000e6200000)
  from space 56832K, 18% used [0x00000000ea180000,0x00000000eab92bc0,0x00000000ed900000)
  to   space 60928K, 0% used [0x00000000e6200000,0x00000000e6200000,0x00000000e9d80000)
 ParOldGen       total 166912K, used 123562K [0x0000000080000000, 0x000000008a300000, 0x00000000d5580000)
  object space 166912K, 74% used [0x0000000080000000,0x00000000878aa810,0x000000008a300000)
 Metaspace       used 88753K, capacity 93358K, committed 97280K, reserved 1132544K
  class space    used 12124K, capacity 12940K, committed 14080K, reserved 1048576K
GC Heap History (10 events):
Event: 159.709 GC heap before
{Heap before GC invocations=39 (full 3):
 PSYoungGen      total 261120K, used 193480K [0x00000000d5580000, 0x00000000e9b80000, 0x0000000100000000)
  eden space 188416K, 100% used [0x00000000d5580000,0x00000000e0d80000,0x00000000e0d80000)
  from space 72704K, 6% used [0x00000000e0d80000,0x00000000e12721c8,0x00000000e5480000)
  to   space 71168K, 0% used [0x00000000e5600000,0x00000000e5600000,0x00000000e9b80000)
 ParOldGen       total 166912K, used 141889K [0x0000000080000000, 0x000000008a300000, 0x00000000d5580000)
  object space 166912K, 85% used [0x0000000080000000,0x0000000088a904b0,0x000000008a300000)
 Metaspace       used 90141K, capacity 96824K, committed 97024K, reserved 1132544K
  class space    used 12729K, capacity 14013K, committed 14080K, reserved 1048576K
Event: 159.736 GC heap after
Heap after GC invocations=39 (full 3):
 PSYoungGen      total 259584K, used 9606K [0x00000000d5580000, 0x00000000e9b80000, 0x0000000100000000)
  eden space 188416K, 0% used [0x00000000d5580000,0x00000000d5580000,0x00000000e0d80000)
  from space 71168K, 13% used [0x00000000e5600000,0x00000000e5f61b68,0x00000000e9b80000)
  to   space 72704K, 0% used [0x00000000e0d80000,0x00000000e0d80000,0x00000000e5480000)
 ParOldGen       total 166912K, used 146089K [0x0000000080000000, 0x000000008a300000, 0x00000000d5580000)
  object space 166912K, 87% used [0x0000000080000000,0x0000000088eaa6a8,0x000000008a300000)
 Metaspace       used 90141K, capacity 96824K, committed 97024K, reserved 1132544K
  class space    used 12729K, capacity 14013K, committed 14080K, reserved 1048576K
}
Event: 160.387 GC heap before
{Heap before GC invocations=40 (full 3):
 PSYoungGen      total 259584K, used 198022K [0x00000000d5580000, 0x00000000e9b80000, 0x0000000100000000)
  eden space 188416K, 100% used [0x00000000d5580000,0x00000000e0d80000,0x00000000e0d80000)
  from space 71168K, 13% used [0x00000000e5600000,0x00000000e5f61b68,0x00000000e9b80000)
  to   space 72704K, 0% used [0x00000000e0d80000,0x00000000e0d80000,0x00000000e5480000)
 ParOldGen       total 166912K, used 146089K [0x0000000080000000, 0x000000008a300000, 0x00000000d5580000)
  object space 166912K, 87% used [0x0000000080000000,0x0000000088eaa6a8,0x000000008a300000)
 Metaspace       used 90331K, capacity 97046K, committed 97280K, reserved 1132544K
  class space    used 12738K, capacity 14016K, committed 14080K, reserved 1048576K
Event: 160.422 GC heap after
Heap after GC invocations=40 (full 3):
 PSYoungGen      total 261120K, used 6682K [0x00000000d5580000, 0x00000000eb980000, 0x0000000100000000)
  eden space 188416K, 0% used [0x00000000d5580000,0x00000000d5580000,0x00000000e0d80000)
  from space 72704K, 9% used [0x00000000e0d80000,0x00000000e14068d0,0x00000000e5480000)
  to   space 67584K, 0% used [0x00000000e7780000,0x00000000e7780000,0x00000000eb980000)
 ParOldGen       total 166912K, used 151276K [0x0000000080000000, 0x000000008a300000, 0x00000000d5580000)
  object space 166912K, 90% used [0x0000000080000000,0x00000000893bb008,0x000000008a300000)
 Metaspace       used 90331K, capacity 97046K, committed 97280K, reserved 1132544K
  class space    used 12738K, capacity 14016K, committed 14080K, reserved 1048576K
}
Event: 160.422 GC heap before
{Heap before GC invocations=41 (full 4):
 PSYoungGen      total 261120K, used 6682K [0x00000000d5580000, 0x00000000eb980000, 0x0000000100000000)
  eden space 188416K, 0% used [0x00000000d5580000,0x00000000d5580000,0x00000000e0d80000)
  from space 72704K, 9% used [0x00000000e0d80000,0x00000000e14068d0,0x00000000e5480000)
  to   space 67584K, 0% used [0x00000000e7780000,0x00000000e7780000,0x00000000eb980000)
 ParOldGen       total 166912K, used 151276K [0x0000000080000000, 0x000000008a300000, 0x00000000d5580000)
  object space 166912K, 90% used [0x0000000080000000,0x00000000893bb008,0x000000008a300000)
 Metaspace       used 90331K, capacity 97046K, committed 97280K, reserved 1132544K
  class space    used 12738K, capacity 14016K, committed 14080K, reserved 1048576K
Event: 161.265 GC heap after
Heap after GC invocations=41 (full 4):
 PSYoungGen      total 261120K, used 0K [0x00000000d5580000, 0x00000000eb980000, 0x0000000100000000)
  eden space 188416K, 0% used [0x00000000d5580000,0x00000000d5580000,0x00000000e0d80000)
  from space 72704K, 0% used [0x00000000e0d80000,0x00000000e0d80000,0x00000000e5480000)
  to   space 67584K, 0% used [0x00000000e7780000,0x00000000e7780000,0x00000000eb980000)
 ParOldGen       total 166912K, used 110635K [0x0000000080000000, 0x000000008a300000, 0x00000000d5580000)
  object space 166912K, 66% used [0x0000000080000000,0x0000000086c0af98,0x000000008a300000)
 Metaspace       used 88633K, capacity 93178K, committed 97280K, reserved 1132544K
  class space    used 12115K, capacity 12932K, committed 14080K, reserved 1048576K
}
Event: 162.052 GC heap before
{Heap before GC invocations=42 (full 4):
 PSYoungGen      total 261120K, used 188416K [0x00000000d5580000, 0x00000000eb980000, 0x0000000100000000)
  eden space 188416K, 100% used [0x00000000d5580000,0x00000000e0d80000,0x00000000e0d80000)
  from space 72704K, 0% used [0x00000000e0d80000,0x00000000e0d80000,0x00000000e5480000)
  to   space 67584K, 0% used [0x00000000e7780000,0x00000000e7780000,0x00000000eb980000)
 ParOldGen       total 166912K, used 110635K [0x0000000080000000, 0x000000008a300000, 0x00000000d5580000)
  object space 166912K, 66% used [0x0000000080000000,0x0000000086c0af98,0x000000008a300000)
 Metaspace       used 88637K, capacity 93188K, committed 97280K, reserved 1132544K
  class space    used 12116K, capacity 12933K, committed 14080K, reserved 1048576K
Event: 162.094 GC heap after
Heap after GC invocations=42 (full 4):
 PSYoungGen      total 289792K, used 16134K [0x00000000d5580000, 0x00000000eb300000, 0x0000000100000000)
  eden space 228864K, 0% used [0x00000000d5580000,0x00000000d5580000,0x00000000e3500000)
  from space 60928K, 26% used [0x00000000e7780000,0x00000000e87419f8,0x00000000eb300000)
  to   space 64512K, 0% used [0x00000000e3500000,0x00000000e3500000,0x00000000e7400000)
 ParOldGen       total 166912K, used 110635K [0x0000000080000000, 0x000000008a300000, 0x00000000d5580000)
  object space 166912K, 66% used [0x0000000080000000,0x0000000086c0af98,0x000000008a300000)
 Metaspace       used 88637K, capacity 93188K, committed 97280K, reserved 1132544K
  class space    used 12116K, capacity 12933K, committed 14080K, reserved 1048576K
}
Event: 162.891 GC heap before
{Heap before GC invocations=43 (full 4):
 PSYoungGen      total 289792K, used 244998K [0x00000000d5580000, 0x00000000eb300000, 0x0000000100000000)
  eden space 228864K, 100% used [0x00000000d5580000,0x00000000e3500000,0x00000000e3500000)
  from space 60928K, 26% used [0x00000000e7780000,0x00000000e87419f8,0x00000000eb300000)
  to   space 64512K, 0% used [0x00000000e3500000,0x00000000e3500000,0x00000000e7400000)
 ParOldGen       total 166912K, used 110635K [0x0000000080000000, 0x000000008a300000, 0x00000000d5580000)
  object space 166912K, 66% used [0x0000000080000000,0x0000000086c0af98,0x000000008a300000)
 Metaspace       used 88698K, capacity 93256K, committed 97280K, reserved 1132544K
  class space    used 12117K, capacity 12933K, committed 14080K, reserved 1048576K
Event: 162.913 GC heap after
Heap after GC invocations=43 (full 4):
 PSYoungGen      total 293376K, used 4209K [0x00000000d5580000, 0x00000000edf80000, 0x0000000100000000)
  eden space 228864K, 0% used [0x00000000d5580000,0x00000000d5580000,0x00000000e3500000)
  from space 64512K, 6% used [0x00000000e3500000,0x00000000e391c658,0x00000000e7400000)
  to   space 63488K, 0% used [0x00000000ea180000,0x00000000ea180000,0x00000000edf80000)
 ParOldGen       total 166912K, used 120240K [0x0000000080000000, 0x000000008a300000, 0x00000000d5580000)
  object space 166912K, 72% used [0x0000000080000000,0x000000008756c0f8,0x000000008a300000)
 Metaspace       used 88698K, capacity 93256K, committed 97280K, reserved 1132544K
  class space    used 12117K, capacity 12933K, committed 14080K, reserved 1048576K
}

