# JRE version: Java(TM) SE Runtime Environment (8.0_251-b08) (build 1.8.0_251-b08)
# Java VM: Java HotSpot(TM) 64-Bit Server VM (25.251-b08 mixed mode windows-amd64 compressed oops)
Heap:
 PSYoungGen      total 135680K, used 86622K [0x00000000d5580000, 0x00000000df200000, 0x0000000100000000)
  eden space 128512K, 62% used [0x00000000d5580000,0x00000000da363810,0x00000000dd300000)
  from space 7168K, 95% used [0x00000000deb00000,0x00000000df1b40a0,0x00000000df200000)
  to   space 11264K, 0% used [0x00000000ddc00000,0x00000000ddc00000,0x00000000de700000)
 ParOldGen       total 90624K, used 14449K [0x0000000080000000, 0x0000000085880000, 0x00000000d5580000)
  object space 90624K, 15% used [0x0000000080000000,0x0000000080e1c540,0x0000000085880000)
 Metaspace       used 45934K, capacity 47782K, committed 48000K, reserved 1091584K
  class space    used 6375K, capacity 6747K, committed 6784K, reserved 1048576K
GC Heap History (10 events):
Event: 8.032 GC heap before
{Heap before GC invocations=8 (full 1):
 PSYoungGen      total 76288K, used 66048K [0x00000000d5580000, 0x00000000dab80000, 0x0000000100000000)
  eden space 66048K, 100% used [0x00000000d5580000,0x00000000d9600000,0x00000000d9600000)
  from space 10240K, 0% used [0x00000000da080000,0x00000000da080000,0x00000000daa80000)
  to   space 10752K, 0% used [0x00000000d9600000,0x00000000d9600000,0x00000000da080000)
 ParOldGen       total 60928K, used 8979K [0x0000000080000000, 0x0000000083b80000, 0x00000000d5580000)
  object space 60928K, 14% used [0x0000000080000000,0x00000000808c4f60,0x0000000083b80000)
 Metaspace       used 28574K, capacity 29406K, committed 29696K, reserved 1075200K
  class space    used 4054K, capacity 4283K, committed 4352K, reserved 1048576K
Event: 8.044 GC heap after
Heap after GC invocations=8 (full 1):
 PSYoungGen      total 76800K, used 8245K [0x00000000d5580000, 0x00000000dce80000, 0x0000000100000000)
  eden space 66048K, 0% used [0x00000000d5580000,0x00000000d5580000,0x00000000d9600000)
  from space 10752K, 76% used [0x00000000d9600000,0x00000000d9e0d468,0x00000000da080000)
  to   space 11264K, 0% used [0x00000000dc380000,0x00000000dc380000,0x00000000dce80000)
 ParOldGen       total 60928K, used 8987K [0x0000000080000000, 0x0000000083b80000, 0x00000000d5580000)
  object space 60928K, 14% used [0x0000000080000000,0x00000000808c6f60,0x0000000083b80000)
 Metaspace       used 28574K, capacity 29406K, committed 29696K, reserved 1075200K
  class space    used 4054K, capacity 4283K, committed 4352K, reserved 1048576K
}
Event: 9.252 GC heap before
{Heap before GC invocations=9 (full 1):
 PSYoungGen      total 76800K, used 74293K [0x00000000d5580000, 0x00000000dce80000, 0x0000000100000000)
  eden space 66048K, 100% used [0x00000000d5580000,0x00000000d9600000,0x00000000d9600000)
  from space 10752K, 76% used [0x00000000d9600000,0x00000000d9e0d468,0x00000000da080000)
  to   space 11264K, 0% used [0x00000000dc380000,0x00000000dc380000,0x00000000dce80000)
 ParOldGen       total 60928K, used 8996K [0x0000000080000000, 0x0000000083b80000, 0x00000000d5580000)
  object space 60928K, 14% used [0x0000000080000000,0x00000000808c9178,0x0000000083b80000)
 Metaspace       used 32891K, capacity 33924K, committed 34176K, reserved 1079296K
  class space    used 4606K, capacity 4878K, committed 4992K, reserved 1048576K
Event: 9.267 GC heap after
Heap after GC invocations=9 (full 1):
 PSYoungGen      total 112128K, used 9287K [0x00000000d5580000, 0x00000000dcf80000, 0x0000000100000000)
  eden space 100864K, 0% used [0x00000000d5580000,0x00000000d5580000,0x00000000db800000)
  from space 11264K, 82% used [0x00000000dc380000,0x00000000dcc91d08,0x00000000dce80000)
  to   space 11776K, 0% used [0x00000000db800000,0x00000000db800000,0x00000000dc380000)
 ParOldGen       total 60928K, used 9004K [0x0000000080000000, 0x0000000083b80000, 0x00000000d5580000)
  object space 60928K, 14% used [0x0000000080000000,0x00000000808cb178,0x0000000083b80000)
 Metaspace       used 32891K, capacity 33924K, committed 34176K, reserved 1079296K
  class space    used 4606K, capacity 4878K, committed 4992K, reserved 1048576K
}
Event: 9.729 GC heap before
{Heap before GC invocations=10 (full 1):
 PSYoungGen      total 112128K, used 40077K [0x00000000d5580000, 0x00000000dcf80000, 0x0000000100000000)
  eden space 100864K, 30% used [0x00000000d5580000,0x00000000d73919d8,0x00000000db800000)
  from space 11264K, 82% used [0x00000000dc380000,0x00000000dcc91d08,0x00000000dce80000)
  to   space 11776K, 0% used [0x00000000db800000,0x00000000db800000,0x00000000dc380000)
 ParOldGen       total 60928K, used 9004K [0x0000000080000000, 0x0000000083b80000, 0x00000000d5580000)
  object space 60928K, 14% used [0x0000000080000000,0x00000000808cb178,0x0000000083b80000)
 Metaspace       used 34341K, capacity 35444K, committed 35496K, reserved 1079296K
  class space    used 4843K, capacity 5097K, committed 5120K, reserved 1048576K
Event: 9.752 GC heap after
Heap after GC invocations=10 (full 1):
 PSYoungGen      total 112640K, used 8134K [0x00000000d5580000, 0x00000000df680000, 0x0000000100000000)
  eden space 100864K, 0% used [0x00000000d5580000,0x00000000d5580000,0x00000000db800000)
  from space 11776K, 69% used [0x00000000db800000,0x00000000dbff1888,0x00000000dc380000)
  to   space 11776K, 0% used [0x00000000deb00000,0x00000000deb00000,0x00000000df680000)
 ParOldGen       total 60928K, used 9012K [0x0000000080000000, 0x0000000083b80000, 0x00000000d5580000)
  object space 60928K, 14% used [0x0000000080000000,0x00000000808cd178,0x0000000083b80000)
 Metaspace       used 34341K, capacity 35444K, committed 35496K, reserved 1079296K
  class space    used 4843K, capacity 5097K, committed 5120K, reserved 1048576K
}
Event: 9.752 GC heap before
{Heap before GC invocations=11 (full 2):
 PSYoungGen      total 112640K, used 8134K [0x00000000d5580000, 0x00000000df680000, 0x0000000100000000)
  eden space 100864K, 0% used [0x00000000d5580000,0x00000000d5580000,0x00000000db800000)
  from space 11776K, 69% used [0x00000000db800000,0x00000000dbff1888,0x00000000dc380000)
  to   space 11776K, 0% used [0x00000000deb00000,0x00000000deb00000,0x00000000df680000)
 ParOldGen       total 60928K, used 9012K [0x0000000080000000, 0x0000000083b80000, 0x00000000d5580000)
  object space 60928K, 14% used [0x0000000080000000,0x00000000808cd178,0x0000000083b80000)
 Metaspace       used 34341K, capacity 35444K, committed 35496K, reserved 1079296K
  class space    used 4843K, capacity 5097K, committed 5120K, reserved 1048576K
Event: 9.853 GC heap after
Heap after GC invocations=11 (full 2):
 PSYoungGen      total 112640K, used 0K [0x00000000d5580000, 0x00000000df680000, 0x0000000100000000)
  eden space 100864K, 0% used [0x00000000d5580000,0x00000000d5580000,0x00000000db800000)
  from space 11776K, 0% used [0x00000000db800000,0x00000000db800000,0x00000000dc380000)
  to   space 11776K, 0% used [0x00000000deb00000,0x00000000deb00000,0x00000000df680000)
 ParOldGen       total 90624K, used 14441K [0x0000000080000000, 0x0000000085880000, 0x00000000d5580000)
  object space 90624K, 15% used [0x0000000080000000,0x0000000080e1a540,0x0000000085880000)
 Metaspace       used 34341K, capacity 35444K, committed 35496K, reserved 1079296K
  class space    used 4843K, capacity 5097K, committed 5120K, reserved 1048576K
}
Event: 11.458 GC heap before
{Heap before GC invocations=12 (full 2):
 PSYoungGen      total 112640K, used 100864K [0x00000000d5580000, 0x00000000df680000, 0x0000000100000000)
  eden space 100864K, 100% used [0x00000000d5580000,0x00000000db800000,0x00000000db800000)
  from space 11776K, 0% used [0x00000000db800000,0x00000000db800000,0x00000000dc380000)
  to   space 11776K, 0% used [0x00000000deb00000,0x00000000deb00000,0x00000000df680000)
 ParOldGen       total 90624K, used 14441K [0x0000000080000000, 0x0000000085880000, 0x00000000d5580000)
  object space 90624K, 15% used [0x0000000080000000,0x0000000080e1a540,0x0000000085880000)
 Metaspace       used 37548K, capacity 39182K, committed 39424K, reserved 1083392K
  class space    used 5319K, capacity 5613K, committed 5632K, reserved 1048576K
Event: 11.468 GC heap after
Heap after GC invocations=12 (full 2):
 PSYoungGen      total 135680K, used 6864K [0x00000000d5580000, 0x00000000df200000, 0x0000000100000000)
  eden space 128512K, 0% used [0x00000000d5580000,0x00000000d5580000,0x00000000dd300000)
  from space 7168K, 95% used [0x00000000deb00000,0x00000000df1b40a0,0x00000000df200000)
  to   space 11264K, 0% used [0x00000000ddc00000,0x00000000ddc00000,0x00000000de700000)
 ParOldGen       total 90624K, used 14449K [0x0000000080000000, 0x0000000085880000, 0x00000000d5580000)
  object space 90624K, 15% used [0x0000000080000000,0x0000000080e1c540,0x0000000085880000)
 Metaspace       used 37548K, capacity 39182K, committed 39424K, reserved 1083392K
  class space    used 5319K, capacity 5613K, committed 5632K, reserved 1048576K
}

