# JRE version: Java(TM) SE Runtime Environment (8.0_251-b08) (build 1.8.0_251-b08)
# Java VM: Java HotSpot(TM) 64-Bit Server VM (25.251-b08 mixed mode windows-amd64 compressed oops)
Heap:
 PSYoungGen      total 138240K, used 62965K [0x00000000d5580000, 0x00000000df100000, 0x0000000100000000)
  eden space 126464K, 40% used [0x00000000d5580000,0x00000000d877fef0,0x00000000dd100000)
  from space 11776K, 99% used [0x00000000de000000,0x00000000deb7d730,0x00000000deb80000)
  to   space 15360K, 0% used [0x00000000dd100000,0x00000000dd100000,0x00000000de000000)
 ParOldGen       total 88064K, used 20299K [0x0000000080000000, 0x0000000085600000, 0x00000000d5580000)
  object space 88064K, 23% used [0x0000000080000000,0x00000000813d2fe0,0x0000000085600000)
 Metaspace       used 51820K, capacity 53838K, committed 54144K, reserved 1095680K
  class space    used 7110K, capacity 7517K, committed 7552K, reserved 1048576K
GC Heap History (10 events):
Event: 4.910 GC heap before
{Heap before GC invocations=8 (full 1):
 PSYoungGen      total 64512K, used 64500K [0x00000000d5580000, 0x00000000dd700000, 0x0000000100000000)
  eden space 59392K, 100% used [0x00000000d5580000,0x00000000d8f80000,0x00000000d8f80000)
  from space 5120K, 99% used [0x00000000d9b80000,0x00000000da07d268,0x00000000da080000)
  to   space 12288K, 0% used [0x00000000d8f80000,0x00000000d8f80000,0x00000000d9b80000)
 ParOldGen       total 62976K, used 14169K [0x0000000080000000, 0x0000000083d80000, 0x00000000d5580000)
  object space 62976K, 22% used [0x0000000080000000,0x0000000080dd67e0,0x0000000083d80000)
 Metaspace       used 32689K, capacity 33674K, committed 33792K, reserved 1079296K
  class space    used 4569K, capacity 4815K, committed 4864K, reserved 1048576K
Event: 4.931 GC heap after
Heap after GC invocations=8 (full 1):
 PSYoungGen      total 71680K, used 8667K [0x00000000d5580000, 0x00000000dcf80000, 0x0000000100000000)
  eden space 59392K, 0% used [0x00000000d5580000,0x00000000d5580000,0x00000000d8f80000)
  from space 12288K, 70% used [0x00000000d8f80000,0x00000000d97f6dc8,0x00000000d9b80000)
  to   space 12288K, 0% used [0x00000000dc380000,0x00000000dc380000,0x00000000dcf80000)
 ParOldGen       total 62976K, used 14177K [0x0000000080000000, 0x0000000083d80000, 0x00000000d5580000)
  object space 62976K, 22% used [0x0000000080000000,0x0000000080dd87e0,0x0000000083d80000)
 Metaspace       used 32689K, capacity 33674K, committed 33792K, reserved 1079296K
  class space    used 4569K, capacity 4815K, committed 4864K, reserved 1048576K
}
Event: 5.214 GC heap before
{Heap before GC invocations=9 (full 1):
 PSYoungGen      total 71680K, used 43899K [0x00000000d5580000, 0x00000000dcf80000, 0x0000000100000000)
  eden space 59392K, 59% used [0x00000000d5580000,0x00000000d77e8108,0x00000000d8f80000)
  from space 12288K, 70% used [0x00000000d8f80000,0x00000000d97f6dc8,0x00000000d9b80000)
  to   space 12288K, 0% used [0x00000000dc380000,0x00000000dc380000,0x00000000dcf80000)
 ParOldGen       total 62976K, used 14177K [0x0000000080000000, 0x0000000083d80000, 0x00000000d5580000)
  object space 62976K, 22% used [0x0000000080000000,0x0000000080dd87e0,0x0000000083d80000)
 Metaspace       used 34378K, capacity 35446K, committed 35496K, reserved 1079296K
  class space    used 4850K, capacity 5098K, committed 5120K, reserved 1048576K
Event: 5.225 GC heap after
Heap after GC invocations=9 (full 1):
 PSYoungGen      total 112640K, used 8352K [0x00000000d5580000, 0x00000000dd180000, 0x0000000100000000)
  eden space 100352K, 0% used [0x00000000d5580000,0x00000000d5580000,0x00000000db780000)
  from space 12288K, 67% used [0x00000000dc380000,0x00000000dcba82a0,0x00000000dcf80000)
  to   space 12288K, 0% used [0x00000000db780000,0x00000000db780000,0x00000000dc380000)
 ParOldGen       total 62976K, used 14185K [0x0000000080000000, 0x0000000083d80000, 0x00000000d5580000)
  object space 62976K, 22% used [0x0000000080000000,0x0000000080dda7e0,0x0000000083d80000)
 Metaspace       used 34378K, capacity 35446K, committed 35496K, reserved 1079296K
  class space    used 4850K, capacity 5098K, committed 5120K, reserved 1048576K
}
Event: 5.225 GC heap before
{Heap before GC invocations=10 (full 2):
 PSYoungGen      total 112640K, used 8352K [0x00000000d5580000, 0x00000000dd180000, 0x0000000100000000)
  eden space 100352K, 0% used [0x00000000d5580000,0x00000000d5580000,0x00000000db780000)
  from space 12288K, 67% used [0x00000000dc380000,0x00000000dcba82a0,0x00000000dcf80000)
  to   space 12288K, 0% used [0x00000000db780000,0x00000000db780000,0x00000000dc380000)
 ParOldGen       total 62976K, used 14185K [0x0000000080000000, 0x0000000083d80000, 0x00000000d5580000)
  object space 62976K, 22% used [0x0000000080000000,0x0000000080dda7e0,0x0000000083d80000)
 Metaspace       used 34378K, capacity 35446K, committed 35496K, reserved 1079296K
  class space    used 4850K, capacity 5098K, committed 5120K, reserved 1048576K
Event: 5.281 GC heap after
Heap after GC invocations=10 (full 2):
 PSYoungGen      total 112640K, used 0K [0x00000000d5580000, 0x00000000dd180000, 0x0000000100000000)
  eden space 100352K, 0% used [0x00000000d5580000,0x00000000d5580000,0x00000000db780000)
  from space 12288K, 0% used [0x00000000dc380000,0x00000000dc380000,0x00000000dcf80000)
  to   space 12288K, 0% used [0x00000000db780000,0x00000000db780000,0x00000000dc380000)
 ParOldGen       total 88064K, used 14635K [0x0000000080000000, 0x0000000085600000, 0x00000000d5580000)
  object space 88064K, 16% used [0x0000000080000000,0x0000000080e4af10,0x0000000085600000)
 Metaspace       used 34378K, capacity 35446K, committed 35496K, reserved 1079296K
  class space    used 4850K, capacity 5098K, committed 5120K, reserved 1048576K
}
Event: 6.121 GC heap before
{Heap before GC invocations=11 (full 2):
 PSYoungGen      total 112640K, used 100352K [0x00000000d5580000, 0x00000000dd180000, 0x0000000100000000)
  eden space 100352K, 100% used [0x00000000d5580000,0x00000000db780000,0x00000000db780000)
  from space 12288K, 0% used [0x00000000dc380000,0x00000000dc380000,0x00000000dcf80000)
  to   space 12288K, 0% used [0x00000000db780000,0x00000000db780000,0x00000000dc380000)
 ParOldGen       total 88064K, used 14635K [0x0000000080000000, 0x0000000085600000, 0x00000000d5580000)
  object space 88064K, 16% used [0x0000000080000000,0x0000000080e4af10,0x0000000085600000)
 Metaspace       used 37616K, capacity 39290K, committed 39552K, reserved 1083392K
  class space    used 5328K, capacity 5647K, committed 5760K, reserved 1048576K
Event: 6.128 GC heap after
Heap after GC invocations=11 (full 2):
 PSYoungGen      total 112640K, used 6906K [0x00000000d5580000, 0x00000000deb80000, 0x0000000100000000)
  eden space 100352K, 0% used [0x00000000d5580000,0x00000000d5580000,0x00000000db780000)
  from space 12288K, 56% used [0x00000000db780000,0x00000000dbe3e8b0,0x00000000dc380000)
  to   space 11776K, 0% used [0x00000000de000000,0x00000000de000000,0x00000000deb80000)
 ParOldGen       total 88064K, used 14643K [0x0000000080000000, 0x0000000085600000, 0x00000000d5580000)
  object space 88064K, 16% used [0x0000000080000000,0x0000000080e4cf10,0x0000000085600000)
 Metaspace       used 37616K, capacity 39290K, committed 39552K, reserved 1083392K
  class space    used 5328K, capacity 5647K, committed 5760K, reserved 1048576K
}
Event: 7.183 GC heap before
{Heap before GC invocations=12 (full 2):
 PSYoungGen      total 112640K, used 107258K [0x00000000d5580000, 0x00000000deb80000, 0x0000000100000000)
  eden space 100352K, 100% used [0x00000000d5580000,0x00000000db780000,0x00000000db780000)
  from space 12288K, 56% used [0x00000000db780000,0x00000000dbe3e8b0,0x00000000dc380000)
  to   space 11776K, 0% used [0x00000000de000000,0x00000000de000000,0x00000000deb80000)
 ParOldGen       total 88064K, used 14643K [0x0000000080000000, 0x0000000085600000, 0x00000000d5580000)
  object space 88064K, 16% used [0x0000000080000000,0x0000000080e4cf10,0x0000000085600000)
 Metaspace       used 48082K, capacity 49958K, committed 50048K, reserved 1091584K
  class space    used 6654K, capacity 7025K, committed 7040K, reserved 1048576K
Event: 7.197 GC heap after
Heap after GC invocations=12 (full 2):
 PSYoungGen      total 138240K, used 11765K [0x00000000d5580000, 0x00000000df100000, 0x0000000100000000)
  eden space 126464K, 0% used [0x00000000d5580000,0x00000000d5580000,0x00000000dd100000)
  from space 11776K, 99% used [0x00000000de000000,0x00000000deb7d730,0x00000000deb80000)
  to   space 15360K, 0% used [0x00000000dd100000,0x00000000dd100000,0x00000000de000000)
 ParOldGen       total 88064K, used 20299K [0x0000000080000000, 0x0000000085600000, 0x00000000d5580000)
  object space 88064K, 23% used [0x0000000080000000,0x00000000813d2fe0,0x0000000085600000)
 Metaspace       used 48082K, capacity 49958K, committed 50048K, reserved 1091584K
  class space    used 6654K, capacity 7025K, committed 7040K, reserved 1048576K
}

