# JRE version: Java(TM) SE Runtime Environment (8.0_251-b08) (build 1.8.0_251-b08)
# Java VM: Java HotSpot(TM) 64-Bit Server VM (25.251-b08 mixed mode windows-amd64 compressed oops)
Heap:
 PSYoungGen      total 282112K, used 171143K [0x00000000d5580000, 0x00000000ea700000, 0x0000000100000000)
  eden space 241664K, 68% used [0x00000000d5580000,0x00000000df7fca98,0x00000000e4180000)
  from space 40448K, 11% used [0x00000000e6800000,0x00000000e6ca5548,0x00000000e8f80000)
  to   space 39424K, 0% used [0x00000000e4180000,0x00000000e4180000,0x00000000e6800000)
 ParOldGen       total 136192K, used 116122K [0x0000000080000000, 0x0000000088500000, 0x00000000d5580000)
  object space 136192K, 85% used [0x0000000080000000,0x0000000087166a98,0x0000000088500000)
 Metaspace       used 77592K, capacity 82462K, committed 82688K, reserved 1120256K
  class space    used 11055K, capacity 11984K, committed 12032K, reserved 1048576K
GC Heap History (10 events):
Event: 30.164 GC heap before
{Heap before GC invocations=19 (full 3):
 PSYoungGen      total 218624K, used 218612K [0x00000000d5580000, 0x00000000e8f80000, 0x0000000100000000)
  eden space 189952K, 100% used [0x00000000d5580000,0x00000000e0f00000,0x00000000e0f00000)
  from space 28672K, 99% used [0x00000000e0f00000,0x00000000e2afd050,0x00000000e2b00000)
  to   space 40448K, 0% used [0x00000000e6800000,0x00000000e6800000,0x00000000e8f80000)
 ParOldGen       total 136192K, used 69681K [0x0000000080000000, 0x0000000088500000, 0x00000000d5580000)
  object space 136192K, 51% used [0x0000000080000000,0x000000008440c7c8,0x0000000088500000)
 Metaspace       used 76885K, capacity 81658K, committed 81920K, reserved 1120256K
  class space    used 11040K, capacity 11976K, committed 12032K, reserved 1048576K
Event: 30.443 GC heap after
Heap after GC invocations=19 (full 3):
 PSYoungGen      total 282112K, used 20182K [0x00000000d5580000, 0x00000000ea700000, 0x0000000100000000)
  eden space 241664K, 0% used [0x00000000d5580000,0x00000000d5580000,0x00000000e4180000)
  from space 40448K, 49% used [0x00000000e6800000,0x00000000e7bb58a0,0x00000000e8f80000)
  to   space 39424K, 0% used [0x00000000e4180000,0x00000000e4180000,0x00000000e6800000)
 ParOldGen       total 136192K, used 86277K [0x0000000080000000, 0x0000000088500000, 0x00000000d5580000)
  object space 136192K, 63% used [0x0000000080000000,0x00000000854417c8,0x0000000088500000)
 Metaspace       used 76885K, capacity 81658K, committed 81920K, reserved 1120256K
  class space    used 11040K, capacity 11976K, committed 12032K, reserved 1048576K
}
Event: 31.628 GC heap before
{Heap before GC invocations=20 (full 3):
 PSYoungGen      total 282112K, used 261846K [0x00000000d5580000, 0x00000000ea700000, 0x0000000100000000)
  eden space 241664K, 100% used [0x00000000d5580000,0x00000000e4180000,0x00000000e4180000)
  from space 40448K, 49% used [0x00000000e6800000,0x00000000e7bb58a0,0x00000000e8f80000)
  to   space 39424K, 0% used [0x00000000e4180000,0x00000000e4180000,0x00000000e6800000)
 ParOldGen       total 136192K, used 86277K [0x0000000080000000, 0x0000000088500000, 0x00000000d5580000)
  object space 136192K, 63% used [0x0000000080000000,0x00000000854417c8,0x0000000088500000)
 Metaspace       used 77347K, capacity 82168K, committed 82432K, reserved 1120256K
  class space    used 11048K, capacity 11979K, committed 12032K, reserved 1048576K
Event: 32.120 GC heap after
Heap after GC invocations=20 (full 3):
 PSYoungGen      total 281088K, used 5179K [0x00000000d5580000, 0x00000000ea700000, 0x0000000100000000)
  eden space 241664K, 0% used [0x00000000d5580000,0x00000000d5580000,0x00000000e4180000)
  from space 39424K, 13% used [0x00000000e4180000,0x00000000e468ecb8,0x00000000e6800000)
  to   space 40448K, 0% used [0x00000000e6800000,0x00000000e6800000,0x00000000e8f80000)
 ParOldGen       total 136192K, used 103937K [0x0000000080000000, 0x0000000088500000, 0x00000000d5580000)
  object space 136192K, 76% used [0x0000000080000000,0x00000000865804a0,0x0000000088500000)
 Metaspace       used 77347K, capacity 82168K, committed 82432K, reserved 1120256K
  class space    used 11048K, capacity 11979K, committed 12032K, reserved 1048576K
}
Event: 33.263 GC heap before
{Heap before GC invocations=21 (full 3):
 PSYoungGen      total 281088K, used 246843K [0x00000000d5580000, 0x00000000ea700000, 0x0000000100000000)
  eden space 241664K, 100% used [0x00000000d5580000,0x00000000e4180000,0x00000000e4180000)
  from space 39424K, 13% used [0x00000000e4180000,0x00000000e468ecb8,0x00000000e6800000)
  to   space 40448K, 0% used [0x00000000e6800000,0x00000000e6800000,0x00000000e8f80000)
 ParOldGen       total 136192K, used 103937K [0x0000000080000000, 0x0000000088500000, 0x00000000d5580000)
  object space 136192K, 76% used [0x0000000080000000,0x00000000865804a0,0x0000000088500000)
 Metaspace       used 77466K, capacity 82322K, committed 82432K, reserved 1120256K
  class space    used 11055K, capacity 11984K, committed 12032K, reserved 1048576K
Event: 33.288 GC heap after
Heap after GC invocations=21 (full 3):
 PSYoungGen      total 282112K, used 5550K [0x00000000d5580000, 0x00000000ea700000, 0x0000000100000000)
  eden space 241664K, 0% used [0x00000000d5580000,0x00000000d5580000,0x00000000e4180000)
  from space 40448K, 13% used [0x00000000e6800000,0x00000000e6d6ba70,0x00000000e8f80000)
  to   space 39424K, 0% used [0x00000000e4180000,0x00000000e4180000,0x00000000e6800000)
 ParOldGen       total 136192K, used 107969K [0x0000000080000000, 0x0000000088500000, 0x00000000d5580000)
  object space 136192K, 79% used [0x0000000080000000,0x0000000086970508,0x0000000088500000)
 Metaspace       used 77466K, capacity 82322K, committed 82432K, reserved 1120256K
  class space    used 11055K, capacity 11984K, committed 12032K, reserved 1048576K
}
Event: 34.132 GC heap before
{Heap before GC invocations=22 (full 3):
 PSYoungGen      total 282112K, used 247214K [0x00000000d5580000, 0x00000000ea700000, 0x0000000100000000)
  eden space 241664K, 100% used [0x00000000d5580000,0x00000000e4180000,0x00000000e4180000)
  from space 40448K, 13% used [0x00000000e6800000,0x00000000e6d6ba70,0x00000000e8f80000)
  to   space 39424K, 0% used [0x00000000e4180000,0x00000000e4180000,0x00000000e6800000)
 ParOldGen       total 136192K, used 107969K [0x0000000080000000, 0x0000000088500000, 0x00000000d5580000)
  object space 136192K, 79% used [0x0000000080000000,0x0000000086970508,0x0000000088500000)
 Metaspace       used 77542K, capacity 82398K, committed 82688K, reserved 1120256K
  class space    used 11055K, capacity 11984K, committed 12032K, reserved 1048576K
Event: 34.148 GC heap after
Heap after GC invocations=22 (full 3):
 PSYoungGen      total 281088K, used 4603K [0x00000000d5580000, 0x00000000ea700000, 0x0000000100000000)
  eden space 241664K, 0% used [0x00000000d5580000,0x00000000d5580000,0x00000000e4180000)
  from space 39424K, 11% used [0x00000000e4180000,0x00000000e45fec80,0x00000000e6800000)
  to   space 40448K, 0% used [0x00000000e6800000,0x00000000e6800000,0x00000000e8f80000)
 ParOldGen       total 136192K, used 112432K [0x0000000080000000, 0x0000000088500000, 0x00000000d5580000)
  object space 136192K, 82% used [0x0000000080000000,0x0000000086dcc098,0x0000000088500000)
 Metaspace       used 77542K, capacity 82398K, committed 82688K, reserved 1120256K
  class space    used 11055K, capacity 11984K, committed 12032K, reserved 1048576K
}
Event: 35.098 GC heap before
{Heap before GC invocations=23 (full 3):
 PSYoungGen      total 281088K, used 246267K [0x00000000d5580000, 0x00000000ea700000, 0x0000000100000000)
  eden space 241664K, 100% used [0x00000000d5580000,0x00000000e4180000,0x00000000e4180000)
  from space 39424K, 11% used [0x00000000e4180000,0x00000000e45fec80,0x00000000e6800000)
  to   space 40448K, 0% used [0x00000000e6800000,0x00000000e6800000,0x00000000e8f80000)
 ParOldGen       total 136192K, used 112432K [0x0000000080000000, 0x0000000088500000, 0x00000000d5580000)
  object space 136192K, 82% used [0x0000000080000000,0x0000000086dcc098,0x0000000088500000)
 Metaspace       used 77584K, capacity 82398K, committed 82688K, reserved 1120256K
  class space    used 11055K, capacity 11984K, committed 12032K, reserved 1048576K
Event: 35.116 GC heap after
Heap after GC invocations=23 (full 3):
 PSYoungGen      total 282112K, used 4757K [0x00000000d5580000, 0x00000000ea700000, 0x0000000100000000)
  eden space 241664K, 0% used [0x00000000d5580000,0x00000000d5580000,0x00000000e4180000)
  from space 40448K, 11% used [0x00000000e6800000,0x00000000e6ca5548,0x00000000e8f80000)
  to   space 39424K, 0% used [0x00000000e4180000,0x00000000e4180000,0x00000000e6800000)
 ParOldGen       total 136192K, used 116122K [0x0000000080000000, 0x0000000088500000, 0x00000000d5580000)
  object space 136192K, 85% used [0x0000000080000000,0x0000000087166a98,0x0000000088500000)
 Metaspace       used 77584K, capacity 82398K, committed 82688K, reserved 1120256K
  class space    used 11055K, capacity 11984K, committed 12032K, reserved 1048576K
}

