# JRE version: Java(TM) SE Runtime Environment (8.0_251-b08) (build 1.8.0_251-b08)
# Java VM: Java HotSpot(TM) 64-Bit Server VM (25.251-b08 mixed mode windows-amd64 compressed oops)
Heap:
 PSYoungGen      total 271872K, used 101374K [0x00000000d5580000, 0x00000000e8200000, 0x0000000100000000)
  eden space 235520K, 41% used [0x00000000d5580000,0x00000000db4998e8,0x00000000e3b80000)
  from space 36352K, 10% used [0x00000000e5e00000,0x00000000e61e5f98,0x00000000e8180000)
  to   space 35328K, 0% used [0x00000000e3b80000,0x00000000e3b80000,0x00000000e5e00000)
 ParOldGen       total 139776K, used 116696K [0x0000000080000000, 0x0000000088880000, 0x00000000d5580000)
  object space 139776K, 83% used [0x0000000080000000,0x00000000871f61c0,0x0000000088880000)
 Metaspace       used 78963K, capacity 83114K, committed 85504K, reserved 1122304K
  class space    used 11040K, capacity 11786K, committed 12544K, reserved 1048576K
GC Heap History (10 events):
Event: 75.897 GC heap before
{Heap before GC invocations=24 (full 4):
 PSYoungGen      total 212480K, used 192605K [0x00000000d5580000, 0x00000000e8180000, 0x0000000100000000)
  eden space 188416K, 100% used [0x00000000d5580000,0x00000000e0d80000,0x00000000e0d80000)
  from space 24064K, 17% used [0x00000000e0d80000,0x00000000e11976f0,0x00000000e2500000)
  to   space 36352K, 0% used [0x00000000e5e00000,0x00000000e5e00000,0x00000000e8180000)
 ParOldGen       total 139776K, used 99302K [0x0000000080000000, 0x0000000088880000, 0x00000000d5580000)
  object space 139776K, 71% used [0x0000000080000000,0x00000000860f9828,0x0000000088880000)
 Metaspace       used 78648K, capacity 82742K, committed 85248K, reserved 1122304K
  class space    used 11039K, capacity 11784K, committed 12544K, reserved 1048576K
Event: 75.917 GC heap after
Heap after GC invocations=24 (full 4):
 PSYoungGen      total 271872K, used 4178K [0x00000000d5580000, 0x00000000e8200000, 0x0000000100000000)
  eden space 235520K, 0% used [0x00000000d5580000,0x00000000d5580000,0x00000000e3b80000)
  from space 36352K, 11% used [0x00000000e5e00000,0x00000000e6214840,0x00000000e8180000)
  to   space 35328K, 0% used [0x00000000e3b80000,0x00000000e3b80000,0x00000000e5e00000)
 ParOldGen       total 139776K, used 102649K [0x0000000080000000, 0x0000000088880000, 0x00000000d5580000)
  object space 139776K, 73% used [0x0000000080000000,0x000000008643e440,0x0000000088880000)
 Metaspace       used 78648K, capacity 82742K, committed 85248K, reserved 1122304K
  class space    used 11039K, capacity 11784K, committed 12544K, reserved 1048576K
}
Event: 76.698 GC heap before
{Heap before GC invocations=25 (full 4):
 PSYoungGen      total 271872K, used 239698K [0x00000000d5580000, 0x00000000e8200000, 0x0000000100000000)
  eden space 235520K, 100% used [0x00000000d5580000,0x00000000e3b80000,0x00000000e3b80000)
  from space 36352K, 11% used [0x00000000e5e00000,0x00000000e6214840,0x00000000e8180000)
  to   space 35328K, 0% used [0x00000000e3b80000,0x00000000e3b80000,0x00000000e5e00000)
 ParOldGen       total 139776K, used 102649K [0x0000000080000000, 0x0000000088880000, 0x00000000d5580000)
  object space 139776K, 73% used [0x0000000080000000,0x000000008643e440,0x0000000088880000)
 Metaspace       used 78703K, capacity 82820K, committed 85248K, reserved 1122304K
  class space    used 11040K, capacity 11785K, committed 12544K, reserved 1048576K
Event: 76.722 GC heap after
Heap after GC invocations=25 (full 4):
 PSYoungGen      total 270848K, used 4612K [0x00000000d5580000, 0x00000000e8200000, 0x0000000100000000)
  eden space 235520K, 0% used [0x00000000d5580000,0x00000000d5580000,0x00000000e3b80000)
  from space 35328K, 13% used [0x00000000e3b80000,0x00000000e40012c0,0x00000000e5e00000)
  to   space 36352K, 0% used [0x00000000e5e00000,0x00000000e5e00000,0x00000000e8180000)
 ParOldGen       total 139776K, used 105887K [0x0000000080000000, 0x0000000088880000, 0x00000000d5580000)
  object space 139776K, 75% used [0x0000000080000000,0x0000000086767e18,0x0000000088880000)
 Metaspace       used 78703K, capacity 82820K, committed 85248K, reserved 1122304K
  class space    used 11040K, capacity 11785K, committed 12544K, reserved 1048576K
}
Event: 77.409 GC heap before
{Heap before GC invocations=26 (full 4):
 PSYoungGen      total 270848K, used 240132K [0x00000000d5580000, 0x00000000e8200000, 0x0000000100000000)
  eden space 235520K, 100% used [0x00000000d5580000,0x00000000e3b80000,0x00000000e3b80000)
  from space 35328K, 13% used [0x00000000e3b80000,0x00000000e40012c0,0x00000000e5e00000)
  to   space 36352K, 0% used [0x00000000e5e00000,0x00000000e5e00000,0x00000000e8180000)
 ParOldGen       total 139776K, used 105887K [0x0000000080000000, 0x0000000088880000, 0x00000000d5580000)
  object space 139776K, 75% used [0x0000000080000000,0x0000000086767e18,0x0000000088880000)
 Metaspace       used 78740K, capacity 82824K, committed 85248K, reserved 1122304K
  class space    used 11040K, capacity 11785K, committed 12544K, reserved 1048576K
Event: 77.426 GC heap after
Heap after GC invocations=26 (full 4):
 PSYoungGen      total 271872K, used 4461K [0x00000000d5580000, 0x00000000e8200000, 0x0000000100000000)
  eden space 235520K, 0% used [0x00000000d5580000,0x00000000d5580000,0x00000000e3b80000)
  from space 36352K, 12% used [0x00000000e5e00000,0x00000000e625b4c0,0x00000000e8180000)
  to   space 35328K, 0% used [0x00000000e3b80000,0x00000000e3b80000,0x00000000e5e00000)
 ParOldGen       total 139776K, used 110043K [0x0000000080000000, 0x0000000088880000, 0x00000000d5580000)
  object space 139776K, 78% used [0x0000000080000000,0x0000000086b76d78,0x0000000088880000)
 Metaspace       used 78740K, capacity 82824K, committed 85248K, reserved 1122304K
  class space    used 11040K, capacity 11785K, committed 12544K, reserved 1048576K
}
Event: 78.302 GC heap before
{Heap before GC invocations=27 (full 4):
 PSYoungGen      total 271872K, used 239981K [0x00000000d5580000, 0x00000000e8200000, 0x0000000100000000)
  eden space 235520K, 100% used [0x00000000d5580000,0x00000000e3b80000,0x00000000e3b80000)
  from space 36352K, 12% used [0x00000000e5e00000,0x00000000e625b4c0,0x00000000e8180000)
  to   space 35328K, 0% used [0x00000000e3b80000,0x00000000e3b80000,0x00000000e5e00000)
 ParOldGen       total 139776K, used 110043K [0x0000000080000000, 0x0000000088880000, 0x00000000d5580000)
  object space 139776K, 78% used [0x0000000080000000,0x0000000086b76d78,0x0000000088880000)
 Metaspace       used 78938K, capacity 83110K, committed 85504K, reserved 1122304K
  class space    used 11040K, capacity 11786K, committed 12544K, reserved 1048576K
Event: 78.320 GC heap after
Heap after GC invocations=27 (full 4):
 PSYoungGen      total 270848K, used 4047K [0x00000000d5580000, 0x00000000e8200000, 0x0000000100000000)
  eden space 235520K, 0% used [0x00000000d5580000,0x00000000d5580000,0x00000000e3b80000)
  from space 35328K, 11% used [0x00000000e3b80000,0x00000000e3f73f28,0x00000000e5e00000)
  to   space 36352K, 0% used [0x00000000e5e00000,0x00000000e5e00000,0x00000000e8180000)
 ParOldGen       total 139776K, used 113489K [0x0000000080000000, 0x0000000088880000, 0x00000000d5580000)
  object space 139776K, 81% used [0x0000000080000000,0x0000000086ed4450,0x0000000088880000)
 Metaspace       used 78938K, capacity 83110K, committed 85504K, reserved 1122304K
  class space    used 11040K, capacity 11786K, committed 12544K, reserved 1048576K
}
Event: 79.354 GC heap before
{Heap before GC invocations=28 (full 4):
 PSYoungGen      total 270848K, used 239567K [0x00000000d5580000, 0x00000000e8200000, 0x0000000100000000)
  eden space 235520K, 100% used [0x00000000d5580000,0x00000000e3b80000,0x00000000e3b80000)
  from space 35328K, 11% used [0x00000000e3b80000,0x00000000e3f73f28,0x00000000e5e00000)
  to   space 36352K, 0% used [0x00000000e5e00000,0x00000000e5e00000,0x00000000e8180000)
 ParOldGen       total 139776K, used 113489K [0x0000000080000000, 0x0000000088880000, 0x00000000d5580000)
  object space 139776K, 81% used [0x0000000080000000,0x0000000086ed4450,0x0000000088880000)
 Metaspace       used 78953K, capacity 83114K, committed 85504K, reserved 1122304K
  class space    used 11040K, capacity 11786K, committed 12544K, reserved 1048576K
Event: 79.371 GC heap after
Heap after GC invocations=28 (full 4):
 PSYoungGen      total 271872K, used 3991K [0x00000000d5580000, 0x00000000e8200000, 0x0000000100000000)
  eden space 235520K, 0% used [0x00000000d5580000,0x00000000d5580000,0x00000000e3b80000)
  from space 36352K, 10% used [0x00000000e5e00000,0x00000000e61e5f98,0x00000000e8180000)
  to   space 35328K, 0% used [0x00000000e3b80000,0x00000000e3b80000,0x00000000e5e00000)
 ParOldGen       total 139776K, used 116696K [0x0000000080000000, 0x0000000088880000, 0x00000000d5580000)
  object space 139776K, 83% used [0x0000000080000000,0x00000000871f61c0,0x0000000088880000)
 Metaspace       used 78953K, capacity 83114K, committed 85504K, reserved 1122304K
  class space    used 11040K, capacity 11786K, committed 12544K, reserved 1048576K
}

