# JRE version: Java(TM) SE Runtime Environment (8.0_251-b08) (build 1.8.0_251-b08)
# Java VM: Java HotSpot(TM) 64-Bit Server VM (25.251-b08 mixed mode windows-amd64 compressed oops)
Heap:
 PSYoungGen      total 136192K, used 44711K [0x00000000d5580000, 0x00000000de880000, 0x0000000100000000)
  eden space 128000K, 34% used [0x00000000d5580000,0x00000000d8129d68,0x00000000dd280000)
  from space 8192K, 0% used [0x00000000de080000,0x00000000de080000,0x00000000de880000)
  to   space 11264K, 0% used [0x00000000dd280000,0x00000000dd280000,0x00000000ddd80000)
 ParOldGen       total 88064K, used 32690K [0x0000000080000000, 0x0000000085600000, 0x00000000d5580000)
  object space 88064K, 37% used [0x0000000080000000,0x0000000081feca18,0x0000000085600000)
 Metaspace       used 59927K, capacity 62351K, committed 62592K, reserved 1103872K
  class space    used 8486K, capacity 8969K, committed 9088K, reserved 1048576K
GC Heap History (10 events):
Event: 19.739 GC heap before
{Heap before GC invocations=11 (full 2):
 PSYoungGen      total 110592K, used 8108K [0x00000000d5580000, 0x00000000dec00000, 0x0000000100000000)
  eden space 98816K, 0% used [0x00000000d5580000,0x00000000d5580000,0x00000000db600000)
  from space 11776K, 68% used [0x00000000db600000,0x00000000dbdeb120,0x00000000dc180000)
  to   space 11776K, 0% used [0x00000000de080000,0x00000000de080000,0x00000000dec00000)
 ParOldGen       total 60416K, used 8891K [0x0000000080000000, 0x0000000083b00000, 0x00000000d5580000)
  object space 60416K, 14% used [0x0000000080000000,0x00000000808aefd8,0x0000000083b00000)
 Metaspace       used 34353K, capacity 35432K, committed 35496K, reserved 1079296K
  class space    used 4847K, capacity 5097K, committed 5120K, reserved 1048576K
Event: 19.830 GC heap after
Heap after GC invocations=11 (full 2):
 PSYoungGen      total 110592K, used 0K [0x00000000d5580000, 0x00000000dec00000, 0x0000000100000000)
  eden space 98816K, 0% used [0x00000000d5580000,0x00000000d5580000,0x00000000db600000)
  from space 11776K, 0% used [0x00000000db600000,0x00000000db600000,0x00000000dc180000)
  to   space 11776K, 0% used [0x00000000de080000,0x00000000de080000,0x00000000dec00000)
 ParOldGen       total 88064K, used 14561K [0x0000000080000000, 0x0000000085600000, 0x00000000d5580000)
  object space 88064K, 16% used [0x0000000080000000,0x0000000080e38718,0x0000000085600000)
 Metaspace       used 34353K, capacity 35432K, committed 35496K, reserved 1079296K
  class space    used 4847K, capacity 5097K, committed 5120K, reserved 1048576K
}
Event: 39.019 GC heap before
{Heap before GC invocations=12 (full 2):
 PSYoungGen      total 110592K, used 98816K [0x00000000d5580000, 0x00000000dec00000, 0x0000000100000000)
  eden space 98816K, 100% used [0x00000000d5580000,0x00000000db600000,0x00000000db600000)
  from space 11776K, 0% used [0x00000000db600000,0x00000000db600000,0x00000000dc180000)
  to   space 11776K, 0% used [0x00000000de080000,0x00000000de080000,0x00000000dec00000)
 ParOldGen       total 88064K, used 14561K [0x0000000080000000, 0x0000000085600000, 0x00000000d5580000)
  object space 88064K, 16% used [0x0000000080000000,0x0000000080e38718,0x0000000085600000)
 Metaspace       used 37388K, capacity 38994K, committed 39168K, reserved 1083392K
  class space    used 5290K, capacity 5579K, committed 5632K, reserved 1048576K
Event: 39.041 GC heap after
Heap after GC invocations=12 (full 2):
 PSYoungGen      total 136192K, used 6672K [0x00000000d5580000, 0x00000000de880000, 0x0000000100000000)
  eden space 128000K, 0% used [0x00000000d5580000,0x00000000d5580000,0x00000000dd280000)
  from space 8192K, 81% used [0x00000000de080000,0x00000000de704308,0x00000000de880000)
  to   space 11264K, 0% used [0x00000000dd280000,0x00000000dd280000,0x00000000ddd80000)
 ParOldGen       total 88064K, used 14569K [0x0000000080000000, 0x0000000085600000, 0x00000000d5580000)
  object space 88064K, 16% used [0x0000000080000000,0x0000000080e3a718,0x0000000085600000)
 Metaspace       used 37388K, capacity 38994K, committed 39168K, reserved 1083392K
  class space    used 5290K, capacity 5579K, committed 5632K, reserved 1048576K
}
Event: 76.325 GC heap before
{Heap before GC invocations=13 (full 2):
 PSYoungGen      total 136192K, used 134672K [0x00000000d5580000, 0x00000000de880000, 0x0000000100000000)
  eden space 128000K, 100% used [0x00000000d5580000,0x00000000dd280000,0x00000000dd280000)
  from space 8192K, 81% used [0x00000000de080000,0x00000000de704308,0x00000000de880000)
  to   space 11264K, 0% used [0x00000000dd280000,0x00000000dd280000,0x00000000ddd80000)
 ParOldGen       total 88064K, used 14569K [0x0000000080000000, 0x0000000085600000, 0x00000000d5580000)
  object space 88064K, 16% used [0x0000000080000000,0x0000000080e3a718,0x0000000085600000)
 Metaspace       used 50910K, capacity 52850K, committed 52992K, reserved 1095680K
  class space    used 6980K, capacity 7372K, committed 7424K, reserved 1048576K
Event: 76.360 GC heap after
Heap after GC invocations=13 (full 2):
 PSYoungGen      total 139264K, used 11260K [0x00000000d5580000, 0x00000000de880000, 0x0000000100000000)
  eden space 128000K, 0% used [0x00000000d5580000,0x00000000d5580000,0x00000000dd280000)
  from space 11264K, 99% used [0x00000000dd280000,0x00000000ddd7f310,0x00000000ddd80000)
  to   space 8192K, 0% used [0x00000000de080000,0x00000000de080000,0x00000000de880000)
 ParOldGen       total 88064K, used 24068K [0x0000000080000000, 0x0000000085600000, 0x00000000d5580000)
  object space 88064K, 27% used [0x0000000080000000,0x0000000081781398,0x0000000085600000)
 Metaspace       used 50910K, capacity 52850K, committed 52992K, reserved 1095680K
  class space    used 6980K, capacity 7372K, committed 7424K, reserved 1048576K
}
Event: 84.382 GC heap before
{Heap before GC invocations=14 (full 2):
 PSYoungGen      total 139264K, used 88730K [0x00000000d5580000, 0x00000000de880000, 0x0000000100000000)
  eden space 128000K, 60% used [0x00000000d5580000,0x00000000da1275b0,0x00000000dd280000)
  from space 11264K, 99% used [0x00000000dd280000,0x00000000ddd7f310,0x00000000ddd80000)
  to   space 8192K, 0% used [0x00000000de080000,0x00000000de080000,0x00000000de880000)
 ParOldGen       total 88064K, used 24068K [0x0000000080000000, 0x0000000085600000, 0x00000000d5580000)
  object space 88064K, 27% used [0x0000000080000000,0x0000000081781398,0x0000000085600000)
 Metaspace       used 56765K, capacity 59080K, committed 59136K, reserved 1099776K
  class space    used 7950K, capacity 8405K, committed 8448K, reserved 1048576K
Event: 84.423 GC heap after
Heap after GC invocations=14 (full 2):
 PSYoungGen      total 136192K, used 8180K [0x00000000d5580000, 0x00000000de880000, 0x0000000100000000)
  eden space 128000K, 0% used [0x00000000d5580000,0x00000000d5580000,0x00000000dd280000)
  from space 8192K, 99% used [0x00000000de080000,0x00000000de87d2d0,0x00000000de880000)
  to   space 11264K, 0% used [0x00000000dd280000,0x00000000dd280000,0x00000000ddd80000)
 ParOldGen       total 88064K, used 35850K [0x0000000080000000, 0x0000000085600000, 0x00000000d5580000)
  object space 88064K, 40% used [0x0000000080000000,0x00000000823029f0,0x0000000085600000)
 Metaspace       used 56765K, capacity 59080K, committed 59136K, reserved 1099776K
  class space    used 7950K, capacity 8405K, committed 8448K, reserved 1048576K
}
Event: 84.423 GC heap before
{Heap before GC invocations=15 (full 3):
 PSYoungGen      total 136192K, used 8180K [0x00000000d5580000, 0x00000000de880000, 0x0000000100000000)
  eden space 128000K, 0% used [0x00000000d5580000,0x00000000d5580000,0x00000000dd280000)
  from space 8192K, 99% used [0x00000000de080000,0x00000000de87d2d0,0x00000000de880000)
  to   space 11264K, 0% used [0x00000000dd280000,0x00000000dd280000,0x00000000ddd80000)
 ParOldGen       total 88064K, used 35850K [0x0000000080000000, 0x0000000085600000, 0x00000000d5580000)
  object space 88064K, 40% used [0x0000000080000000,0x00000000823029f0,0x0000000085600000)
 Metaspace       used 56765K, capacity 59080K, committed 59136K, reserved 1099776K
  class space    used 7950K, capacity 8405K, committed 8448K, reserved 1048576K
Event: 84.898 GC heap after
Heap after GC invocations=15 (full 3):
 PSYoungGen      total 136192K, used 0K [0x00000000d5580000, 0x00000000de880000, 0x0000000100000000)
  eden space 128000K, 0% used [0x00000000d5580000,0x00000000d5580000,0x00000000dd280000)
  from space 8192K, 0% used [0x00000000de080000,0x00000000de080000,0x00000000de880000)
  to   space 11264K, 0% used [0x00000000dd280000,0x00000000dd280000,0x00000000ddd80000)
 ParOldGen       total 88064K, used 32690K [0x0000000080000000, 0x0000000085600000, 0x00000000d5580000)
  object space 88064K, 37% used [0x0000000080000000,0x0000000081feca18,0x0000000085600000)
 Metaspace       used 56731K, capacity 58966K, committed 59136K, reserved 1099776K
  class space    used 7939K, capacity 8386K, committed 8448K, reserved 1048576K
}

