# JRE version: Java(TM) SE Runtime Environment (8.0_251-b08) (build 1.8.0_251-b08)
# Java VM: Java HotSpot(TM) 64-Bit Server VM (25.251-b08 mixed mode windows-amd64 compressed oops)
Heap:
 PSYoungGen      total 169984K, used 88545K [0x00000000d5580000, 0x00000000e2b80000, 0x0000000100000000)
  eden space 150528K, 49% used [0x00000000d5580000,0x00000000d9ea2780,0x00000000de880000)
  from space 19456K, 70% used [0x00000000de880000,0x00000000df5d5cb0,0x00000000dfb80000)
  to   space 19968K, 0% used [0x00000000e1800000,0x00000000e1800000,0x00000000e2b80000)
 ParOldGen       total 139776K, used 32704K [0x0000000080000000, 0x0000000088880000, 0x00000000d5580000)
  object space 139776K, 23% used [0x0000000080000000,0x0000000081ff0290,0x0000000088880000)
 Metaspace       used 66965K, capacity 70450K, committed 70528K, reserved 1110016K
  class space    used 9476K, capacity 10088K, committed 10112K, reserved 1048576K
GC Heap History (10 events):
Event: 14.167 GC heap before
{Heap before GC invocations=12 (full 2):
 PSYoungGen      total 115200K, used 103424K [0x00000000d5580000, 0x00000000df100000, 0x0000000100000000)
  eden space 103424K, 100% used [0x00000000d5580000,0x00000000dba80000,0x00000000dba80000)
  from space 11776K, 0% used [0x00000000dba80000,0x00000000dba80000,0x00000000dc600000)
  to   space 11776K, 0% used [0x00000000de580000,0x00000000de580000,0x00000000df100000)
 ParOldGen       total 90112K, used 14425K [0x0000000080000000, 0x0000000085800000, 0x00000000d5580000)
  object space 90112K, 16% used [0x0000000080000000,0x0000000080e165b0,0x0000000085800000)
 Metaspace       used 37982K, capacity 39668K, committed 39808K, reserved 1083392K
  class space    used 5379K, capacity 5686K, committed 5760K, reserved 1048576K
Event: 14.175 GC heap after
Heap after GC invocations=12 (full 2):
 PSYoungGen      total 135680K, used 7306K [0x00000000d5580000, 0x00000000ded00000, 0x0000000100000000)
  eden space 128000K, 0% used [0x00000000d5580000,0x00000000d5580000,0x00000000dd280000)
  from space 7680K, 95% used [0x00000000de580000,0x00000000deca2a88,0x00000000ded00000)
  to   space 11264K, 0% used [0x00000000dd700000,0x00000000dd700000,0x00000000de200000)
 ParOldGen       total 90112K, used 14433K [0x0000000080000000, 0x0000000085800000, 0x00000000d5580000)
  object space 90112K, 16% used [0x0000000080000000,0x0000000080e185b0,0x0000000085800000)
 Metaspace       used 37982K, capacity 39668K, committed 39808K, reserved 1083392K
  class space    used 5379K, capacity 5686K, committed 5760K, reserved 1048576K
}
Event: 20.727 GC heap before
{Heap before GC invocations=13 (full 2):
 PSYoungGen      total 135680K, used 135306K [0x00000000d5580000, 0x00000000ded00000, 0x0000000100000000)
  eden space 128000K, 100% used [0x00000000d5580000,0x00000000dd280000,0x00000000dd280000)
  from space 7680K, 95% used [0x00000000de580000,0x00000000deca2a88,0x00000000ded00000)
  to   space 11264K, 0% used [0x00000000dd700000,0x00000000dd700000,0x00000000de200000)
 ParOldGen       total 90112K, used 14433K [0x0000000080000000, 0x0000000085800000, 0x00000000d5580000)
  object space 90112K, 16% used [0x0000000080000000,0x0000000080e185b0,0x0000000085800000)
 Metaspace       used 50877K, capacity 52902K, committed 53248K, reserved 1095680K
  class space    used 6982K, capacity 7378K, committed 7424K, reserved 1048576K
Event: 20.741 GC heap after
Heap after GC invocations=13 (full 2):
 PSYoungGen      total 143872K, used 11260K [0x00000000d5580000, 0x00000000e0b00000, 0x0000000100000000)
  eden space 132608K, 0% used [0x00000000d5580000,0x00000000d5580000,0x00000000dd700000)
  from space 11264K, 99% used [0x00000000dd700000,0x00000000de1ff300,0x00000000de200000)
  to   space 15872K, 0% used [0x00000000dfb80000,0x00000000dfb80000,0x00000000e0b00000)
 ParOldGen       total 90112K, used 23693K [0x0000000080000000, 0x0000000085800000, 0x00000000d5580000)
  object space 90112K, 26% used [0x0000000080000000,0x0000000081723780,0x0000000085800000)
 Metaspace       used 50877K, capacity 52902K, committed 53248K, reserved 1095680K
  class space    used 6982K, capacity 7378K, committed 7424K, reserved 1048576K
}
Event: 24.598 GC heap before
{Heap before GC invocations=14 (full 2):
 PSYoungGen      total 143872K, used 86090K [0x00000000d5580000, 0x00000000e0b00000, 0x0000000100000000)
  eden space 132608K, 56% used [0x00000000d5580000,0x00000000d9e93538,0x00000000dd700000)
  from space 11264K, 99% used [0x00000000dd700000,0x00000000de1ff300,0x00000000de200000)
  to   space 15872K, 0% used [0x00000000dfb80000,0x00000000dfb80000,0x00000000e0b00000)
 ParOldGen       total 90112K, used 23693K [0x0000000080000000, 0x0000000085800000, 0x00000000d5580000)
  object space 90112K, 26% used [0x0000000080000000,0x0000000081723780,0x0000000085800000)
 Metaspace       used 56750K, capacity 59062K, committed 59136K, reserved 1099776K
  class space    used 7951K, capacity 8410K, committed 8448K, reserved 1048576K
Event: 24.635 GC heap after
Heap after GC invocations=14 (full 2):
 PSYoungGen      total 166400K, used 15868K [0x00000000d5580000, 0x00000000e1780000, 0x0000000100000000)
  eden space 150528K, 0% used [0x00000000d5580000,0x00000000d5580000,0x00000000de880000)
  from space 15872K, 99% used [0x00000000dfb80000,0x00000000e0aff320,0x00000000e0b00000)
  to   space 19456K, 0% used [0x00000000de880000,0x00000000de880000,0x00000000dfb80000)
 ParOldGen       total 90112K, used 27523K [0x0000000080000000, 0x0000000085800000, 0x00000000d5580000)
  object space 90112K, 30% used [0x0000000080000000,0x0000000081ae0cc8,0x0000000085800000)
 Metaspace       used 56750K, capacity 59062K, committed 59136K, reserved 1099776K
  class space    used 7951K, capacity 8410K, committed 8448K, reserved 1048576K
}
Event: 24.635 GC heap before
{Heap before GC invocations=15 (full 3):
 PSYoungGen      total 166400K, used 15868K [0x00000000d5580000, 0x00000000e1780000, 0x0000000100000000)
  eden space 150528K, 0% used [0x00000000d5580000,0x00000000d5580000,0x00000000de880000)
  from space 15872K, 99% used [0x00000000dfb80000,0x00000000e0aff320,0x00000000e0b00000)
  to   space 19456K, 0% used [0x00000000de880000,0x00000000de880000,0x00000000dfb80000)
 ParOldGen       total 90112K, used 27523K [0x0000000080000000, 0x0000000085800000, 0x00000000d5580000)
  object space 90112K, 30% used [0x0000000080000000,0x0000000081ae0cc8,0x0000000085800000)
 Metaspace       used 56750K, capacity 59062K, committed 59136K, reserved 1099776K
  class space    used 7951K, capacity 8410K, committed 8448K, reserved 1048576K
Event: 24.836 GC heap after
Heap after GC invocations=15 (full 3):
 PSYoungGen      total 166400K, used 0K [0x00000000d5580000, 0x00000000e1780000, 0x0000000100000000)
  eden space 150528K, 0% used [0x00000000d5580000,0x00000000d5580000,0x00000000de880000)
  from space 15872K, 0% used [0x00000000dfb80000,0x00000000dfb80000,0x00000000e0b00000)
  to   space 19456K, 0% used [0x00000000de880000,0x00000000de880000,0x00000000dfb80000)
 ParOldGen       total 139776K, used 32696K [0x0000000080000000, 0x0000000088880000, 0x00000000d5580000)
  object space 139776K, 23% used [0x0000000080000000,0x0000000081fee290,0x0000000088880000)
 Metaspace       used 56706K, capacity 58912K, committed 59136K, reserved 1099776K
  class space    used 7937K, capacity 8385K, committed 8448K, reserved 1048576K
}
Event: 33.226 GC heap before
{Heap before GC invocations=16 (full 3):
 PSYoungGen      total 166400K, used 150528K [0x00000000d5580000, 0x00000000e1780000, 0x0000000100000000)
  eden space 150528K, 100% used [0x00000000d5580000,0x00000000de880000,0x00000000de880000)
  from space 15872K, 0% used [0x00000000dfb80000,0x00000000dfb80000,0x00000000e0b00000)
  to   space 19456K, 0% used [0x00000000de880000,0x00000000de880000,0x00000000dfb80000)
 ParOldGen       total 139776K, used 32696K [0x0000000080000000, 0x0000000088880000, 0x00000000d5580000)
  object space 139776K, 23% used [0x0000000080000000,0x0000000081fee290,0x0000000088880000)
 Metaspace       used 64066K, capacity 67482K, committed 67712K, reserved 1107968K
  class space    used 9130K, capacity 9746K, committed 9856K, reserved 1048576K
Event: 33.240 GC heap after
Heap after GC invocations=16 (full 3):
 PSYoungGen      total 169984K, used 13655K [0x00000000d5580000, 0x00000000e2b80000, 0x0000000100000000)
  eden space 150528K, 0% used [0x00000000d5580000,0x00000000d5580000,0x00000000de880000)
  from space 19456K, 70% used [0x00000000de880000,0x00000000df5d5cb0,0x00000000dfb80000)
  to   space 19968K, 0% used [0x00000000e1800000,0x00000000e1800000,0x00000000e2b80000)
 ParOldGen       total 139776K, used 32704K [0x0000000080000000, 0x0000000088880000, 0x00000000d5580000)
  object space 139776K, 23% used [0x0000000080000000,0x0000000081ff0290,0x0000000088880000)
 Metaspace       used 64066K, capacity 67482K, committed 67712K, reserved 1107968K
  class space    used 9130K, capacity 9746K, committed 9856K, reserved 1048576K
}

